
11월 19, 2019 20:44:24.81 NEW SESSION
11월 19, 2019 20:44:24.81 [6684:2416:1119/204424.796:ERROR:connection_factory_impl.cc(417)] Failed to connect to MCS endpoint with error -106
11월 19, 2019 20:44:44.44 [6684:2416:1119/204444.447:ERROR:connection_factory_impl.cc(417)] Failed to connect to MCS endpoint with error -105

12월 02, 2019 13:48:13.54 NEW SESSION
12월 02, 2019 13:48:13.54 [3888:6480:1202/134813.543:ERROR:component_installer.cc(320)] Failed to read manifest or verify installation for CRLSet (C:\Users\admin\AppData\Local\Google\Chrome\User Data\CertificateRevocation\5541).: 지정된 파일을 찾을 수 없습니다. (0x2)

12월 03, 2019 14:44:20.40 NEW SESSION
12월 03, 2019 14:44:20.40 [3556:6496:1203/144420.406:ERROR:mcs_client.cc(760)] Received close command, resetting connection.
12월 03, 2019 15:23:11.98 [6028:2828:1203/152311.989:ERROR:socket_stream.cc(218)] Closing stream with result -2
12월 03, 2019 15:23:24.03 [6028:2828:1203/152324.037:ERROR:connection_factory_impl.cc(417)] Failed to connect to MCS endpoint with error -105
12월 03, 2019 15:24:18.82 [7772:7960:1203/152418.828:ERROR:connection_factory_impl.cc(417)] Failed to connect to MCS endpoint with error -105
12월 03, 2019 15:24:51.93 [7772:7960:1203/152451.939:ERROR:connection_factory_impl.cc(417)] Failed to connect to MCS endpoint with error -105
12월 03, 2019 15:26:08.19 [6996:7688:1203/152608.192:ERROR:connection_factory_impl.cc(417)] Failed to connect to MCS endpoint with error -105
12월 03, 2019 15:26:40.40 [6996:7688:1203/152640.404:ERROR:connection_factory_impl.cc(417)] Failed to connect to MCS endpoint with error -105
12월 03, 2019 15:27:56.50 [2780:7896:1203/152756.502:ERROR:connection_factory_impl.cc(417)] Failed to connect to MCS endpoint with error -105
12월 03, 2019 15:28:29.98 [2780:7896:1203/152829.980:ERROR:connection_factory_impl.cc(417)] Failed to connect to MCS endpoint with error -105
12월 03, 2019 15:29:26.85 [2780:7896:1203/152926.856:ERROR:connection_factory_impl.cc(417)] Failed to connect to MCS endpoint with error -105
12월 03, 2019 15:31:07.62 [2780:7896:1203/153107.622:ERROR:connection_factory_impl.cc(417)] Failed to connect to MCS endpoint with error -105
12월 03, 2019 15:35:14.26 [2780:7896:1203/153514.269:ERROR:connection_factory_impl.cc(417)] Failed to connect to MCS endpoint with error -105

12월 03, 2019 15:38:02.64 NEW SESSION
12월 03, 2019 15:38:02.64 [7816:4884:1203/153802.646:ERROR:connection_factory_impl.cc(417)] Failed to connect to MCS endpoint with error -105
12월 03, 2019 15:38:36.27 [7816:4884:1203/153836.278:ERROR:connection_factory_impl.cc(417)] Failed to connect to MCS endpoint with error -105

12월 06, 2019 15:43:52.84 NEW SESSION
12월 06, 2019 15:43:52.84 [4860:2104:1206/154352.832:ERROR:connection_factory_impl.cc(417)] Failed to connect to MCS endpoint with error -106
12월 06, 2019 15:44:10.88 [4860:2104:1206/154410.881:ERROR:connection_factory_impl.cc(417)] Failed to connect to MCS endpoint with error -105

12월 08, 2019 16:20:34.06 NEW SESSION
12월 08, 2019 16:20:34.06 
12월 08, 2019 16:20:34.06 KLIB_SelfTest return : KLR_OK

12월 10, 2019 14:54:09.98 NEW SESSION
12월 10, 2019 14:54:09.98 
12월 10, 2019 14:54:09.98 KLIB_SelfTest return : KLR_OK

12월 11, 2019 15:20:42.34 NEW SESSION
12월 11, 2019 15:20:42.34 
12월 11, 2019 15:20:42.34 KLIB_SelfTest return : KLR_OK

12월 12, 2019 17:54:44.94 NEW SESSION
12월 12, 2019 17:54:44.94 
12월 12, 2019 17:54:44.94 KLIB_SelfTest return : KLR_OK

12월 13, 2019 12:30:47.70 NEW SESSION
12월 13, 2019 12:30:47.70 [5868:6304:1213/123047.706:ERROR:cache_util_win.cc(21)] Unable to move the cache: 액세스가 거부되었습니다. (0x5)
12월 13, 2019 12:30:47.71 [5868:6304:1213/123047.707:ERROR:cache_util.cc(141)] Unable to move cache folder C:\Users\admin\AppData\Local\Google\Chrome\User Data\ShaderCache\GPUCache to C:\Users\admin\AppData\Local\Google\Chrome\User Data\ShaderCache\old_GPUCache_000
12월 13, 2019 12:30:47.71 [5868:6304:1213/123047.707:ERROR:disk_cache.cc(178)] Unable to create cache
12월 13, 2019 12:30:47.71 [5868:6304:1213/123047.707:ERROR:shader_disk_cache.cc(601)] Shader Cache Creation failed: -2
12월 13, 2019 12:30:49.31 [5868:6304:1213/123049.315:ERROR:cache_util_win.cc(21)] Unable to move the cache: 액세스가 거부되었습니다. (0x5)
12월 13, 2019 12:30:49.31 [5868:6304:1213/123049.315:ERROR:cache_util.cc(141)] Unable to move cache folder C:\Users\admin\AppData\Local\Google\Chrome\User Data\ShaderCache\GPUCache to C:\Users\admin\AppData\Local\Google\Chrome\User Data\ShaderCache\old_GPUCache_000
12월 13, 2019 12:30:49.31 [5868:6304:1213/123049.315:ERROR:disk_cache.cc(178)] Unable to create cache
12월 13, 2019 12:30:49.31 [5868:6304:1213/123049.315:ERROR:shader_disk_cache.cc(601)] Shader Cache Creation failed: -2
12월 13, 2019 12:45:32.23 [7160:7164:1213/124532.235:ERROR:gcm_channel_status_request.cc(145)] GCM channel request failed.
12월 13, 2019 13:36:27.74 
12월 13, 2019 13:36:27.74 KLIB_SelfTest return : KLR_OK

12월 16, 2019 13:23:17.38 NEW SESSION
12월 16, 2019 13:23:17.38 
12월 16, 2019 13:23:17.38 KLIB_SelfTest return : KLR_OK
12월 16, 2019 13:23:21.26 [5788:6036:1216/132321.259:ERROR:cache_util_win.cc(21)] Unable to move the cache: 액세스가 거부되었습니다. (0x5)
12월 16, 2019 13:23:21.26 [5788:6036:1216/132321.260:ERROR:cache_util.cc(141)] Unable to move cache folder C:\Users\admin\AppData\Local\Google\Chrome\User Data\ShaderCache\GPUCache to C:\Users\admin\AppData\Local\Google\Chrome\User Data\ShaderCache\old_GPUCache_000
12월 16, 2019 13:23:21.26 [5788:6036:1216/132321.260:ERROR:disk_cache.cc(178)] Unable to create cache
12월 16, 2019 13:23:21.26 [5788:6036:1216/132321.260:ERROR:shader_disk_cache.cc(601)] Shader Cache Creation failed: -2
12월 16, 2019 13:23:22.53 [5664:2644:1216/132322.530:ERROR:cache_util_win.cc(21)] Unable to move the cache: 액세스가 거부되었습니다. (0x5)
12월 16, 2019 13:23:22.53 [5664:2644:1216/132322.531:ERROR:cache_util.cc(141)] Unable to move cache folder C:\Users\admin\AppData\Local\Google\Chrome\User Data\ShaderCache\GPUCache to C:\Users\admin\AppData\Local\Google\Chrome\User Data\ShaderCache\old_GPUCache_000
12월 16, 2019 13:23:22.53 [5664:2644:1216/132322.531:ERROR:disk_cache.cc(178)] Unable to create cache
12월 16, 2019 13:23:22.53 [5664:2644:1216/132322.531:ERROR:shader_disk_cache.cc(601)] Shader Cache Creation failed: -2
12월 16, 2019 13:23:22.55 
12월 16, 2019 13:23:22.55 KLIB_SelfTest return : KLR_OK
12월 16, 2019 13:34:39.54 
12월 16, 2019 13:34:39.54 KLIB_SelfTest return : KLR_OK

12월 16, 2019 14:00:31.44 NEW SESSION
12월 16, 2019 14:00:31.44 
12월 16, 2019 14:00:31.44 KLIB_SelfTest return : KLR_OK
12월 16, 2019 15:08:24.98 
12월 16, 2019 15:08:24.98 KLIB_SelfTest return : KLR_OK

12월 17, 2019 14:19:09.65 NEW SESSION
12월 17, 2019 14:19:09.65 
12월 17, 2019 14:19:09.65 KLIB_SelfTest return : KLR_OK
12월 17, 2019 14:26:23.65 
12월 17, 2019 14:26:23.65 KLIB_SelfTest return : KLR_OK
12월 17, 2019 15:49:37.63 
12월 17, 2019 15:49:37.63 KLIB_SelfTest return : KLR_OK
12월 17, 2019 16:00:47.62 
12월 17, 2019 16:00:47.62 KLIB_SelfTest return : KLR_OK

12월 18, 2019 14:00:44.46 NEW SESSION
12월 18, 2019 14:00:44.46 
12월 18, 2019 14:00:44.46 KLIB_SelfTest return : KLR_OK
12월 18, 2019 14:20:44.74 [6972:6468:1218/142044.749:ERROR:gcm_channel_status_request.cc(145)] GCM channel request failed.
12월 18, 2019 14:21:31.68 [6972:6468:1218/142131.680:ERROR:gcm_channel_status_request.cc(145)] GCM channel request failed.
12월 18, 2019 14:21:34.19 [6972:7184:1218/142134.192:ERROR:connection_factory_impl.cc(418)] Failed to connect to MCS endpoint with error -106
12월 18, 2019 14:21:55.80 [6972:7184:1218/142155.808:ERROR:connection_factory_impl.cc(418)] Failed to connect to MCS endpoint with error -105
12월 18, 2019 15:27:51.89 [6732:7008:1218/152751.893:ERROR:component_installer.cc(320)] Failed to read manifest or verify installation for CRLSet (C:\Users\admin\AppData\Local\Google\Chrome\User Data\CertificateRevocation\5578).: 지정된 파일을 찾을 수 없습니다. (0x2)

12월 18, 2019 21:06:37.28 NEW SESSION
12월 18, 2019 21:06:37.28 
12월 18, 2019 21:06:37.28 KLIB_SelfTest return : KLR_OK

12월 19, 2019 15:18:09.54 NEW SESSION
12월 19, 2019 15:18:09.54 
12월 19, 2019 15:18:09.54 KLIB_SelfTest return : KLR_OK
12월 19, 2019 16:05:40.63 
12월 19, 2019 16:05:40.63 KLIB_SelfTest return : KLR_OK

12월 20, 2019 14:51:40.29 NEW SESSION
12월 20, 2019 14:51:40.29 
12월 20, 2019 14:51:40.29 KLIB_SelfTest return : KLR_OK
12월 20, 2019 14:58:40.14 
12월 20, 2019 14:58:40.14 KLIB_SelfTest return : KLR_OK
12월 20, 2019 16:09:38.02 
12월 20, 2019 16:09:38.02 KLIB_SelfTest return : KLR_OK

12월 23, 2019 13:26:36.47 NEW SESSION
12월 23, 2019 13:26:36.47 
12월 23, 2019 13:26:36.47 KLIB_SelfTest return : KLR_OK
12월 23, 2019 13:48:07.80 
12월 23, 2019 13:48:07.80 KLIB_SelfTest return : KLR_OK
12월 23, 2019 14:30:23.24 
12월 23, 2019 14:30:23.24 KLIB_SelfTest return : KLR_OK
12월 23, 2019 14:36:52.98 
12월 23, 2019 14:36:52.98 KLIB_SelfTest return : KLR_OK
12월 23, 2019 14:37:14.48 
12월 23, 2019 14:37:14.48 KLIB_SelfTest return : KLR_OK
12월 23, 2019 14:47:25.36 
12월 23, 2019 14:47:25.36 KLIB_SelfTest return : KLR_OK
12월 23, 2019 15:21:59.84 
12월 23, 2019 15:21:59.84 KLIB_SelfTest return : KLR_OK

12월 24, 2019 15:42:56.20 NEW SESSION
12월 24, 2019 15:42:56.20 
12월 24, 2019 15:42:56.20 KLIB_SelfTest return : KLR_OK

12월 27, 2019 15:48:15.45 NEW SESSION
12월 27, 2019 15:48:15.45 [1227/154815.448:ERROR:process_reader_win.cc(151)] SuspendThread: 액세스가 거부되었습니다. (0x5)
12월 27, 2019 15:48:15.57 
12월 27, 2019 15:48:15.57 KLIB_SelfTest return : KLR_OK

12월 30, 2019 15:52:48.74 NEW SESSION
12월 30, 2019 15:52:48.74 [1796:4184:1230/155248.732:ERROR:connection_factory_impl.cc(418)] Failed to connect to MCS endpoint with error -106
12월 30, 2019 15:53:09.06 [1796:4184:1230/155309.063:ERROR:connection_factory_impl.cc(418)] Failed to connect to MCS endpoint with error -105

1월 02, 2020 15:10:54.31 NEW SESSION
1월 02, 2020 15:10:54.31 [7240:7208:0102/151054.308:ERROR:CONSOLE(802)] "Uncaught TypeError: rule.selectorText is not a function", source: devtools://devtools/bundled/elements/elements_module.js (802)
1월 02, 2020 15:10:54.32 [7240:7208:0102/151054.326:ERROR:CONSOLE(802)] "Uncaught TypeError: rule.selectorText is not a function", source: devtools://devtools/bundled/elements/elements_module.js (802)
1월 02, 2020 15:10:54.34 [7240:7208:0102/151054.340:ERROR:CONSOLE(802)] "Uncaught TypeError: rule.selectorText is not a function", source: devtools://devtools/bundled/elements/elements_module.js (802)
1월 02, 2020 15:10:54.35 [7240:7208:0102/151054.357:ERROR:CONSOLE(802)] "Uncaught TypeError: rule.selectorText is not a function", source: devtools://devtools/bundled/elements/elements_module.js (802)
1월 02, 2020 15:10:54.69 [7240:7208:0102/151054.692:ERROR:CONSOLE(802)] "Uncaught TypeError: rule.selectorText is not a function", source: devtools://devtools/bundled/elements/elements_module.js (802)
1월 02, 2020 15:10:54.70 [7240:7208:0102/151054.707:ERROR:CONSOLE(802)] "Uncaught TypeError: rule.selectorText is not a function", source: devtools://devtools/bundled/elements/elements_module.js (802)
1월 02, 2020 15:10:54.72 [7240:7208:0102/151054.724:ERROR:CONSOLE(802)] "Uncaught TypeError: rule.selectorText is not a function", source: devtools://devtools/bundled/elements/elements_module.js (802)
1월 02, 2020 15:10:54.74 [7240:7208:0102/151054.741:ERROR:CONSOLE(802)] "Uncaught TypeError: rule.selectorText is not a function", source: devtools://devtools/bundled/elements/elements_module.js (802)
1월 02, 2020 15:10:54.75 [7240:7208:0102/151054.757:ERROR:CONSOLE(802)] "Uncaught TypeError: rule.selectorText is not a function", source: devtools://devtools/bundled/elements/elements_module.js (802)
1월 02, 2020 15:10:54.77 [7240:7208:0102/151054.774:ERROR:CONSOLE(802)] "Uncaught TypeError: rule.selectorText is not a function", source: devtools://devtools/bundled/elements/elements_module.js (802)
1월 02, 2020 15:10:54.79 [7240:7208:0102/151054.790:ERROR:CONSOLE(802)] "Uncaught TypeError: rule.selectorText is not a function", source: devtools://devtools/bundled/elements/elements_module.js (802)
1월 02, 2020 15:10:54.81 [7240:7208:0102/151054.814:ERROR:CONSOLE(802)] "Uncaught TypeError: rule.selectorText is not a function", source: devtools://devtools/bundled/elements/elements_module.js (802)
1월 02, 2020 15:10:54.84 [7240:7208:0102/151054.840:ERROR:CONSOLE(802)] "Uncaught TypeError: rule.selectorText is not a function", source: devtools://devtools/bundled/elements/elements_module.js (802)
1월 02, 2020 15:10:54.86 [7240:7208:0102/151054.862:ERROR:CONSOLE(802)] "Uncaught TypeError: rule.selectorText is not a function", source: devtools://devtools/bundled/elements/elements_module.js (802)
1월 02, 2020 15:10:54.87 [7240:7208:0102/151054.874:ERROR:CONSOLE(802)] "Uncaught TypeError: rule.selectorText is not a function", source: devtools://devtools/bundled/elements/elements_module.js (802)
1월 02, 2020 15:10:54.89 [7240:7208:0102/151054.891:ERROR:CONSOLE(802)] "Uncaught TypeError: rule.selectorText is not a function", source: devtools://devtools/bundled/elements/elements_module.js (802)
1월 02, 2020 15:10:54.90 [7240:7208:0102/151054.907:ERROR:CONSOLE(802)] "Uncaught TypeError: rule.selectorText is not a function", source: devtools://devtools/bundled/elements/elements_module.js (802)
1월 02, 2020 15:10:54.92 [7240:7208:0102/151054.924:ERROR:CONSOLE(802)] "Uncaught TypeError: rule.selectorText is not a function", source: devtools://devtools/bundled/elements/elements_module.js (802)
1월 02, 2020 15:10:54.94 [7240:7208:0102/151054.943:ERROR:CONSOLE(802)] "Uncaught TypeError: rule.selectorText is not a function", source: devtools://devtools/bundled/elements/elements_module.js (802)
1월 02, 2020 15:10:54.99 [7240:7208:0102/151054.991:ERROR:CONSOLE(802)] "Uncaught TypeError: rule.selectorText is not a function", source: devtools://devtools/bundled/elements/elements_module.js (802)
1월 02, 2020 15:10:55.00 [7240:7208:0102/151055.008:ERROR:CONSOLE(802)] "Uncaught TypeError: rule.selectorText is not a function", source: devtools://devtools/bundled/elements/elements_module.js (802)
1월 02, 2020 15:10:55.04 [7240:7208:0102/151055.040:ERROR:CONSOLE(802)] "Uncaught TypeError: rule.selectorText is not a function", source: devtools://devtools/bundled/elements/elements_module.js (802)
1월 02, 2020 15:10:55.07 [7240:7208:0102/151055.071:ERROR:CONSOLE(802)] "Uncaught TypeError: rule.selectorText is not a function", source: devtools://devtools/bundled/elements/elements_module.js (802)
1월 02, 2020 15:10:55.09 [7240:7208:0102/151055.095:ERROR:CONSOLE(802)] "Uncaught TypeError: rule.selectorText is not a function", source: devtools://devtools/bundled/elements/elements_module.js (802)
1월 02, 2020 15:10:55.10 [7240:7208:0102/151055.107:ERROR:CONSOLE(802)] "Uncaught TypeError: rule.selectorText is not a function", source: devtools://devtools/bundled/elements/elements_module.js (802)
1월 02, 2020 15:10:55.24 [7240:7208:0102/151055.243:ERROR:CONSOLE(802)] "Uncaught TypeError: rule.selectorText is not a function", source: devtools://devtools/bundled/elements/elements_module.js (802)
1월 02, 2020 15:10:55.26 [7240:7208:0102/151055.261:ERROR:CONSOLE(802)] "Uncaught TypeError: rule.selectorText is not a function", source: devtools://devtools/bundled/elements/elements_module.js (802)
1월 02, 2020 15:10:55.27 [7240:7208:0102/151055.277:ERROR:CONSOLE(802)] "Uncaught TypeError: rule.selectorText is not a function", source: devtools://devtools/bundled/elements/elements_module.js (802)
1월 02, 2020 15:10:55.29 [7240:7208:0102/151055.293:ERROR:CONSOLE(802)] "Uncaught TypeError: rule.selectorText is not a function", source: devtools://devtools/bundled/elements/elements_module.js (802)
1월 02, 2020 15:10:55.31 [7240:7208:0102/151055.310:ERROR:CONSOLE(802)] "Uncaught TypeError: rule.selectorText is not a function", source: devtools://devtools/bundled/elements/elements_module.js (802)
1월 02, 2020 15:10:55.32 [7240:7208:0102/151055.327:ERROR:CONSOLE(802)] "Uncaught TypeError: rule.selectorText is not a function", source: devtools://devtools/bundled/elements/elements_module.js (802)
1월 02, 2020 15:10:55.34 [7240:7208:0102/151055.343:ERROR:CONSOLE(802)] "Uncaught TypeError: rule.selectorText is not a function", source: devtools://devtools/bundled/elements/elements_module.js (802)
1월 02, 2020 15:10:55.36 [7240:7208:0102/151055.360:ERROR:CONSOLE(802)] "Uncaught TypeError: rule.selectorText is not a function", source: devtools://devtools/bundled/elements/elements_module.js (802)
1월 02, 2020 15:10:55.37 [7240:7208:0102/151055.378:ERROR:CONSOLE(802)] "Uncaught TypeError: rule.selectorText is not a function", source: devtools://devtools/bundled/elements/elements_module.js (802)
1월 02, 2020 15:10:55.39 [7240:7208:0102/151055.393:ERROR:CONSOLE(802)] "Uncaught TypeError: rule.selectorText is not a function", source: devtools://devtools/bundled/elements/elements_module.js (802)
1월 02, 2020 15:10:55.42 [7240:7208:0102/151055.418:ERROR:CONSOLE(802)] "Uncaught TypeError: rule.selectorText is not a function", source: devtools://devtools/bundled/elements/elements_module.js (802)
1월 02, 2020 15:54:27.16 
1월 02, 2020 15:54:27.16 KLIB_SelfTest return : KLR_OK

1월 02, 2020 22:51:38.71 NEW SESSION
1월 02, 2020 22:51:38.71 
1월 02, 2020 22:51:38.71 KLIB_SelfTest return : KLR_OK

1월 03, 2020 14:32:41.17 NEW SESSION
1월 03, 2020 14:32:41.17 
1월 03, 2020 14:32:41.17 KLIB_SelfTest return : KLR_OK
1월 03, 2020 15:35:11.26 
1월 03, 2020 15:35:11.26 KLIB_SelfTest return : KLR_OK

1월 04, 2020 20:56:49.01 NEW SESSION
1월 04, 2020 20:56:49.01 
1월 04, 2020 20:56:49.01 KLIB_SelfTest return : KLR_OK

1월 07, 2020 14:56:01.67 NEW SESSION
1월 07, 2020 14:56:01.67 
1월 07, 2020 14:56:01.67 KLIB_SelfTest return : KLR_OK

1월 07, 2020 15:57:41.77 NEW SESSION
1월 07, 2020 15:57:41.77 
1월 07, 2020 15:57:41.77 KLIB_SelfTest return : KLR_OK

1월 08, 2020 12:33:50.88 NEW SESSION
1월 08, 2020 12:33:50.88 [5520:5948:0108/123350.841:ERROR:account_tracker.cc(241)] AccessTokenFetched error: Invalid credentials (credentials rejected by client).
1월 08, 2020 14:00:18.40 [5520:5948:0108/140018.401:ERROR:account_info_fetcher.cc(60)] OnGetTokenFailure: Invalid credentials (credentials rejected by client).
1월 08, 2020 14:18:44.48 [5520:6748:0108/141844.480:ERROR:mcs_client.cc(758)] Received close command, resetting connection.
1월 08, 2020 14:57:50.60 [5520:5948:0108/145750.607:ERROR:CONSOLE(802)] "Uncaught TypeError: rule.selectorText is not a function", source: devtools://devtools/bundled/elements/elements_module.js (802)
1월 08, 2020 14:57:50.62 [5520:5948:0108/145750.623:ERROR:CONSOLE(802)] "Uncaught TypeError: rule.selectorText is not a function", source: devtools://devtools/bundled/elements/elements_module.js (802)
1월 08, 2020 14:57:50.63 [5520:5948:0108/145750.638:ERROR:CONSOLE(802)] "Uncaught TypeError: rule.selectorText is not a function", source: devtools://devtools/bundled/elements/elements_module.js (802)
1월 08, 2020 14:57:50.65 [5520:5948:0108/145750.656:ERROR:CONSOLE(802)] "Uncaught TypeError: rule.selectorText is not a function", source: devtools://devtools/bundled/elements/elements_module.js (802)
1월 08, 2020 14:57:50.67 [5520:5948:0108/145750.671:ERROR:CONSOLE(802)] "Uncaught TypeError: rule.selectorText is not a function", source: devtools://devtools/bundled/elements/elements_module.js (802)
1월 08, 2020 14:57:50.68 [5520:5948:0108/145750.688:ERROR:CONSOLE(802)] "Uncaught TypeError: rule.selectorText is not a function", source: devtools://devtools/bundled/elements/elements_module.js (802)
1월 08, 2020 14:57:50.70 [5520:5948:0108/145750.705:ERROR:CONSOLE(802)] "Uncaught TypeError: rule.selectorText is not a function", source: devtools://devtools/bundled/elements/elements_module.js (802)
1월 08, 2020 14:57:50.72 [5520:5948:0108/145750.722:ERROR:CONSOLE(802)] "Uncaught TypeError: rule.selectorText is not a function", source: devtools://devtools/bundled/elements/elements_module.js (802)
1월 08, 2020 14:57:50.73 [5520:5948:0108/145750.738:ERROR:CONSOLE(802)] "Uncaught TypeError: rule.selectorText is not a function", source: devtools://devtools/bundled/elements/elements_module.js (802)
1월 08, 2020 14:57:50.75 [5520:5948:0108/145750.755:ERROR:CONSOLE(802)] "Uncaught TypeError: rule.selectorText is not a function", source: devtools://devtools/bundled/elements/elements_module.js (802)
1월 08, 2020 14:57:50.77 [5520:5948:0108/145750.771:ERROR:CONSOLE(802)] "Uncaught TypeError: rule.selectorText is not a function", source: devtools://devtools/bundled/elements/elements_module.js (802)
1월 08, 2020 14:57:50.78 [5520:5948:0108/145750.788:ERROR:CONSOLE(802)] "Uncaught TypeError: rule.selectorText is not a function", source: devtools://devtools/bundled/elements/elements_module.js (802)
1월 08, 2020 14:57:50.80 [5520:5948:0108/145750.805:ERROR:CONSOLE(802)] "Uncaught TypeError: rule.selectorText is not a function", source: devtools://devtools/bundled/elements/elements_module.js (802)
1월 08, 2020 14:57:50.81 [5520:5948:0108/145750.815:ERROR:CONSOLE(802)] "Uncaught TypeError: rule.selectorText is not a function", source: devtools://devtools/bundled/elements/elements_module.js (802)
1월 08, 2020 14:57:50.82 [5520:5948:0108/145750.821:ERROR:CONSOLE(802)] "Uncaught TypeError: rule.selectorText is not a function", source: devtools://devtools/bundled/elements/elements_module.js (802)
1월 08, 2020 14:57:50.83 [5520:5948:0108/145750.838:ERROR:CONSOLE(802)] "Uncaught TypeError: rule.selectorText is not a function", source: devtools://devtools/bundled/elements/elements_module.js (802)
1월 08, 2020 14:57:50.85 [5520:5948:0108/145750.855:ERROR:CONSOLE(802)] "Uncaught TypeError: rule.selectorText is not a function", source: devtools://devtools/bundled/elements/elements_module.js (802)
1월 08, 2020 14:57:50.87 [5520:5948:0108/145750.871:ERROR:CONSOLE(802)] "Uncaught TypeError: rule.selectorText is not a function", source: devtools://devtools/bundled/elements/elements_module.js (802)
1월 08, 2020 14:57:50.88 [5520:5948:0108/145750.888:ERROR:CONSOLE(802)] "Uncaught TypeError: rule.selectorText is not a function", source: devtools://devtools/bundled/elements/elements_module.js (802)
1월 08, 2020 14:57:50.90 [5520:5948:0108/145750.906:ERROR:CONSOLE(802)] "Uncaught TypeError: rule.selectorText is not a function", source: devtools://devtools/bundled/elements/elements_module.js (802)
1월 08, 2020 14:57:50.92 [5520:5948:0108/145750.923:ERROR:CONSOLE(802)] "Uncaught TypeError: rule.selectorText is not a function", source: devtools://devtools/bundled/elements/elements_module.js (802)
1월 08, 2020 15:16:08.07 [5520:5948:0108/151608.071:ERROR:CONSOLE(48)] "Uncaught (in promise) TypeError: Cannot read property '_setIcon' of undefined", source: devtools://devtools/bundled/ui/TabbedPane.js (48)
1월 08, 2020 15:16:08.07 [5520:5948:0108/151608.072:ERROR:CONSOLE(48)] "Uncaught (in promise) TypeError: Cannot read property '_setIcon' of undefined", source: devtools://devtools/bundled/ui/TabbedPane.js (48)
1월 08, 2020 16:01:44.77 
1월 08, 2020 16:01:44.77 KLIB_SelfTest return : KLR_OK
